{"/home/gustavo/Projetos/gqf/api/src/config/env.config.ts": {"path":"/home/gustavo/Projetos/gqf/api/src/config/env.config.ts","statementMap":{"0":{"start":{"line":4,"column":16},"end":{"line":4,"column":null}},"1":{"start":{"line":6,"column":0},"end":{"line":6,"column":null}},"2":{"start":{"line":8,"column":18},"end":{"line":33,"column":null}},"3":{"start":{"line":35,"column":19},"end":{"line":35,"column":null}}},"fnMap":{},"branchMap":{"0":{"loc":{"start":{"line":4,"column":24},"end":{"line":4,"column":61}},"type":"binary-expr","locations":[{"start":{"line":4,"column":24},"end":{"line":4,"column":48}},{"start":{"line":4,"column":48},"end":{"line":4,"column":61}}],"line":4}},"s":{"0":1,"1":1,"2":1,"3":1},"f":{},"b":{"0":[1,0]},"meta":{"lastBranch":1,"lastFunction":0,"lastStatement":4,"seen":{"s:4:16:4:Infinity":0,"b:4:24:4:48:4:48:4:61":0,"s:6:0:6:Infinity":1,"s:8:18:33:Infinity":2,"s:35:19:35:Infinity":3}}}
,"/home/gustavo/Projetos/gqf/api/src/infra/email/email.config.ts": {"path":"/home/gustavo/Projetos/gqf/api/src/infra/email/email.config.ts","statementMap":{"0":{"start":{"line":3,"column":27},"end":{"line":16,"column":null}}},"fnMap":{},"branchMap":{},"s":{"0":1},"f":{},"b":{},"meta":{"lastBranch":0,"lastFunction":0,"lastStatement":1,"seen":{"s:3:27:16:Infinity":0}}}
,"/home/gustavo/Projetos/gqf/api/src/infra/email/email.factory.ts": {"path":"/home/gustavo/Projetos/gqf/api/src/infra/email/email.factory.ts","statementMap":{"0":{"start":{"line":6,"column":19},"end":{"line":9,"column":null}},"1":{"start":{"line":12,"column":18},"end":{"line":12,"column":null}},"2":{"start":{"line":14,"column":1},"end":{"line":16,"column":null}},"3":{"start":{"line":15,"column":2},"end":{"line":15,"column":null}},"4":{"start":{"line":18,"column":1},"end":{"line":18,"column":null}},"5":{"start":{"line":21,"column":28},"end":{"line":21,"column":null}}},"fnMap":{"0":{"name":"createEmailService","decl":{"start":{"line":11,"column":9},"end":{"line":11,"column":45}},"loc":{"start":{"line":11,"column":45},"end":{"line":19,"column":null}},"line":11}},"branchMap":{"0":{"loc":{"start":{"line":14,"column":1},"end":{"line":16,"column":null}},"type":"if","locations":[{"start":{"line":14,"column":1},"end":{"line":16,"column":null}},{"start":{},"end":{}}],"line":14}},"s":{"0":1,"1":1,"2":1,"3":0,"4":1,"5":1},"f":{"0":1},"b":{"0":[0,1]},"meta":{"lastBranch":1,"lastFunction":1,"lastStatement":6,"seen":{"s:6:19:9:Infinity":0,"f:11:9:11:45":0,"s:12:18:12:Infinity":1,"b:14:1:16:Infinity:undefined:undefined:undefined:undefined":0,"s:14:1:16:Infinity":2,"s:15:2:15:Infinity":3,"s:18:1:18:Infinity":4,"s:21:28:21:Infinity":5}}}
,"/home/gustavo/Projetos/gqf/api/src/infra/email/providers/sendgrid.provider.ts": {"path":"/home/gustavo/Projetos/gqf/api/src/infra/email/providers/sendgrid.provider.ts","statementMap":{"0":{"start":{"line":7,"column":2},"end":{"line":7,"column":null}},"1":{"start":{"line":11,"column":2},"end":{"line":16,"column":null}}},"fnMap":{"0":{"name":"(anonymous_0)","decl":{"start":{"line":6,"column":1},"end":{"line":6,"column":15}},"loc":{"start":{"line":6,"column":15},"end":{"line":8,"column":null}},"line":6},"1":{"name":"(anonymous_1)","decl":{"start":{"line":10,"column":7},"end":{"line":10,"column":12}},"loc":{"start":{"line":10,"column":55},"end":{"line":17,"column":null}},"line":10}},"branchMap":{},"s":{"0":1,"1":0},"f":{"0":1,"1":0},"b":{},"meta":{"lastBranch":0,"lastFunction":2,"lastStatement":2,"seen":{"f:6:1:6:15":0,"s:7:2:7:Infinity":0,"f:10:7:10:12":1,"s:11:2:16:Infinity":1}}}
,"/home/gustavo/Projetos/gqf/api/src/infra/email/providers/smtp.provider.ts": {"path":"/home/gustavo/Projetos/gqf/api/src/infra/email/providers/smtp.provider.ts","statementMap":{"0":{"start":{"line":6,"column":23},"end":{"line":13,"column":null}},"1":{"start":{"line":16,"column":2},"end":{"line":21,"column":null}}},"fnMap":{"0":{"name":"(anonymous_0)","decl":{"start":{"line":15,"column":7},"end":{"line":15,"column":12}},"loc":{"start":{"line":15,"column":55},"end":{"line":22,"column":null}},"line":15}},"branchMap":{},"s":{"0":0,"1":0},"f":{"0":0},"b":{},"meta":{"lastBranch":0,"lastFunction":1,"lastStatement":2,"seen":{"s:6:23:13:Infinity":0,"f:15:7:15:12":0,"s:16:2:21:Infinity":1}}}
,"/home/gustavo/Projetos/gqf/api/src/modules/notification/notification.service.ts": {"path":"/home/gustavo/Projetos/gqf/api/src/modules/notification/notification.service.ts","statementMap":{"0":{"start":{"line":8,"column":21},"end":{"line":8,"column":50}},"1":{"start":{"line":11,"column":2},"end":{"line":11,"column":null}},"2":{"start":{"line":12,"column":2},"end":{"line":12,"column":null}},"3":{"start":{"line":16,"column":2},"end":{"line":16,"column":null}},"4":{"start":{"line":20,"column":28},"end":{"line":20,"column":null}}},"fnMap":{"0":{"name":"(anonymous_0)","decl":{"start":{"line":8,"column":1},"end":{"line":8,"column":21}},"loc":{"start":{"line":8,"column":50},"end":{"line":8,"column":null}},"line":8},"1":{"name":"(anonymous_1)","decl":{"start":{"line":10,"column":7},"end":{"line":10,"column":28}},"loc":{"start":{"line":10,"column":60},"end":{"line":13,"column":null}},"line":10},"2":{"name":"(anonymous_2)","decl":{"start":{"line":15,"column":7},"end":{"line":15,"column":28}},"loc":{"start":{"line":15,"column":28},"end":{"line":17,"column":null}},"line":15}},"branchMap":{},"s":{"0":2,"1":1,"2":1,"3":1,"4":1},"f":{"0":2,"1":1,"2":1},"b":{},"meta":{"lastBranch":0,"lastFunction":3,"lastStatement":5,"seen":{"f:8:1:8:21":0,"s:8:21:8:50":0,"f:10:7:10:28":1,"s:11:2:11:Infinity":1,"s:12:2:12:Infinity":2,"f:15:7:15:28":2,"s:16:2:16:Infinity":3,"s:20:28:20:Infinity":4}}}
,"/home/gustavo/Projetos/gqf/api/src/modules/notification/errors/notification.error.ts": {"path":"/home/gustavo/Projetos/gqf/api/src/modules/notification/errors/notification.error.ts","statementMap":{"0":{"start":{"line":3,"column":2},"end":{"line":3,"column":null}},"1":{"start":{"line":4,"column":2},"end":{"line":4,"column":null}},"2":{"start":{"line":5,"column":2},"end":{"line":5,"column":null}},"3":{"start":{"line":11,"column":2},"end":{"line":11,"column":null}},"4":{"start":{"line":12,"column":2},"end":{"line":12,"column":null}},"5":{"start":{"line":13,"column":2},"end":{"line":13,"column":null}}},"fnMap":{"0":{"name":"(anonymous_0)","decl":{"start":{"line":2,"column":1},"end":{"line":2,"column":13}},"loc":{"start":{"line":2,"column":54},"end":{"line":6,"column":null}},"line":2},"1":{"name":"(anonymous_1)","decl":{"start":{"line":10,"column":1},"end":{"line":10,"column":13}},"loc":{"start":{"line":10,"column":49},"end":{"line":14,"column":null}},"line":10}},"branchMap":{"0":{"loc":{"start":{"line":2,"column":13},"end":{"line":2,"column":54}},"type":"default-arg","locations":[{"start":{"line":2,"column":23},"end":{"line":2,"column":54}}],"line":2},"1":{"loc":{"start":{"line":10,"column":13},"end":{"line":10,"column":49}},"type":"default-arg","locations":[{"start":{"line":10,"column":23},"end":{"line":10,"column":49}}],"line":10}},"s":{"0":1,"1":1,"2":1,"3":0,"4":0,"5":0},"f":{"0":1,"1":0},"b":{"0":[1],"1":[0]},"meta":{"lastBranch":2,"lastFunction":2,"lastStatement":6,"seen":{"f:2:1:2:13":0,"b:2:23:2:54":0,"s:3:2:3:Infinity":0,"s:4:2:4:Infinity":1,"s:5:2:5:Infinity":2,"f:10:1:10:13":1,"b:10:23:10:49":1,"s:11:2:11:Infinity":3,"s:12:2:12:Infinity":4,"s:13:2:13:Infinity":5}}}
}
